#
# A fatal error has been detected by the Java Runtime Environment:
#
#  EXCEPTION_ACCESS_VIOLATION (0xc0000005) at pc=0x000000002bab757a, pid=6092, tid=4748
#
# JRE version: 7.0_11-b21
# Java VM: Java HotSpot(TM) 64-Bit Server VM (23.6-b04 mixed mode windows-amd64 compressed oops)
# Problematic frame:
# J  java.nio.DirectByteBuffer.getLong(I)J
#
# Failed to write core dump. Minidumps are not enabled by default on client versions of Windows
#
# If you would like to submit a bug report, please visit:
#   http://bugreport.sun.com/bugreport/crash.jsp
#

---------------  T H R E A D  ---------------

Current thread (0x000000000e4bc800):  JavaThread "Main message loop" daemon [_thread_in_Java, id=4748, stack(0x0000000108000000,0x000000010c000000)]

siginfo: ExceptionCode=0xc0000005, reading address 0x0000000000000001

Registers:
RAX=0x00000000e023f168, RBX=0x00000000e023f168, RCX=0x00000000fa49c1f8, RDX=0x00000000fa49c1f8
RSP=0x000000010bfec710, RBP=0x000000010bfec7a0, RSI=0x00000000e3c97160, RDI=0x0000000000000001
R8 =0x0000000000000000, R9 =0x00000000eb051130, R10=0x0000000000000001, R11=0x0000000000000001
R12=0x0000000000000000, R13=0x000000010bfec750, R14=0x00000000e411abd8, R15=0x000000000e4bc800
RIP=0x000000002bab757a, EFLAGS=0x0000000000010246

Top of Stack: (sp=0x000000010bfec710)
0x000000010bfec710:   00000000a0697cb0 00000000a0697cb8
0x000000010bfec720:   00000000fffffffc 00000000e3c93850
0x000000010bfec730:   000000010bfec7a0 000000002b5c6315
0x000000010bfec740:   000000010bfec7a0 000000002b5c6315
0x000000010bfec750:   0000000000000000 00000000fa49c1f8
0x000000010bfec760:   000000010bfec760 00000000e3b4b8c6
0x000000010bfec770:   000000010bfec7c0 00000000e3b4c838
0x000000010bfec780:   00000000e411abd8 00000000e3b4b8e0
0x000000010bfec790:   000000010bfec750 000000010bfec7b8
0x000000010bfec7a0:   000000010bfec808 000000002b5c69c3
0x000000010bfec7b0:   00000000fa49c1f8 0000000000000000
0x000000010bfec7c0:   00000000fa49c178 000000010bfec7c8
0x000000010bfec7d0:   00000000e3c93850 000000010bfec818
0x000000010bfec7e0:   00000000e3ca6aa0 0000000000000000
0x000000010bfec7f0:   00000000e3c93860 000000010bfec7b8
0x000000010bfec800:   000000010bfec818 000000010bfec868 

Instructions: (pc=0x000000002bab757a)
0x000000002bab755a:   ec 20 45 85 c0 7c 2e 44 8b 5a 1c 45 2b d8 41 83
0x000000002bab756a:   fb 08 7c 21 4c 8b 52 10 44 0f b6 5a 2a 4d 63 c0
0x000000002bab757a:   4b 8b 04 02 45 85 db 74 1e 48 83 c4 20 5d 85 05
0x000000002bab758a:   72 8a 39 dd c3 48 89 14 24 ba 39 00 00 00 66 66 


Register to memory mapping:

RAX=0x00000000e023f168 is an oop
{method} 
 - klass: {other class}
RBX=0x00000000e023f168 is an oop
{method} 
 - klass: {other class}
RCX=0x00000000fa49c1f8 is an oop
java.nio.DirectByteBuffer 
 - klass: 'java/nio/DirectByteBuffer'
RDX=0x00000000fa49c1f8 is an oop
java.nio.DirectByteBuffer 
 - klass: 'java/nio/DirectByteBuffer'
RSP=0x000000010bfec710 is pointing into the stack for thread: 0x000000000e4bc800
RBP=0x000000010bfec7a0 is pointing into the stack for thread: 0x000000000e4bc800
RSI=0x00000000e3c97160 is an oop
{instance class} 
 - klass: {other class}
RDI=0x0000000000000001 is an unknown value
R8 =0x0000000000000000 is an unknown value
R9 =0x00000000eb051130 is an oop
java.lang.Class 
 - klass: 'java/lang/Class'
R10=0x0000000000000001 is an unknown value
R11=0x0000000000000001 is an unknown value
R12=0x0000000000000000 is an unknown value
R13=0x000000010bfec750 is pointing into the stack for thread: 0x000000000e4bc800
R14=0x00000000e411abd8 is an oop
{method data} 
 - klass: {other class}
R15=0x000000000e4bc800 is a thread


Stack: [0x0000000108000000,0x000000010c000000],  sp=0x000000010bfec710,  free space=65457k
Native frames: (J=compiled Java code, j=interpreted, Vv=VM code, C=native code)
J  java.nio.DirectByteBuffer.getLong(I)J
j  com.jniwrapper.win32.automation.types.SafeArray.getHandle()J+8
j  com.jniwrapper.win32.automation.types.SafeArray.acceptIOPerformer(Lcom/jniwrapper/IOPerformer;Lcom/jniwrapper/DataBuffer;IZZ)V+18
J  com.jniwrapper.Pointer.readReferencedObject(Z)V
j  com.jniwrapper.win32.automation.types.Variant.b(Lcom/jniwrapper/DataBuffer;IZILcom/jniwrapper/Parameter;)V+61
j  com.jniwrapper.win32.automation.types.Variant.read(Lcom/jniwrapper/DataBuffer;IZ)V+35
j  com.jniwrapper.win32.automation.types.Variant.acceptIOPerformer(Lcom/jniwrapper/IOPerformer;Lcom/jniwrapper/DataBuffer;IZZ)V+21


---------------  P R O C E S S  ---------------

Java Threads: ( => current thread )
  0x00000000c02c8000 JavaThread "Code Analyzer updating thread" [_thread_blocked, id=5692, stack(0x0000000138000000,0x000000013c000000)]
  0x000000000e4ba800 JavaThread "Browser Events Thread" daemon [_thread_blocked, id=588, stack(0x0000000134000000,0x0000000138000000)]
  0x000000000e4bc000 JavaThread "Timer-2" daemon [_thread_blocked, id=4564, stack(0x0000000120000000,0x0000000124000000)]
=>0x000000000e4bc800 JavaThread "Main message loop" daemon [_thread_in_Java, id=4748, stack(0x0000000108000000,0x000000010c000000)]
  0x000000000e4bb000 JavaThread "com.jniwrapper.NativeResourceCollector" daemon [_thread_blocked, id=4208, stack(0x00000000c0fd0000,0x00000000c4fd0000)]
  0x0000000080da0000 JavaThread "Swing-Shell" daemon [_thread_blocked, id=5916, stack(0x00000000c4fd0000,0x00000000c8fd0000)]
  0x00000000592ec000 JavaThread "Active Reference Queue Daemon" daemon [_thread_blocked, id=3912, stack(0x0000000114000000,0x0000000118000000)]
  0x00000000592eb000 JavaThread "Timer-1" daemon [_thread_blocked, id=5836, stack(0x0000000110000000,0x0000000114000000)]
  0x00000000592ea800 JavaThread "ClipboardMonitor Timer" daemon [_thread_blocked, id=5624, stack(0x000000010c000000,0x0000000110000000)]
  0x00000000592e7800 JavaThread "Explorer NavigationContext request queue" daemon [_thread_blocked, id=652, stack(0x0000000104000000,0x0000000108000000)]
  0x000000006609b000 JavaThread "AddressBar directory emptiness poller" daemon [_thread_blocked, id=5644, stack(0x00000000d8fd0000,0x00000000dcfd0000)]
  0x000000006609c800 JavaThread "Explorer Refresh Service 1079913897" daemon [_thread_blocked, id=5660, stack(0x00000000d4fd0000,0x00000000d8fd0000)]
  0x00000000592e6000 JavaThread "Thread-4" daemon [_thread_blocked, id=5596, stack(0x00000000c8fd0000,0x00000000ccfd0000)]
  0x000000006609d000 JavaThread "TimerQueue" daemon [_thread_blocked, id=3452, stack(0x00000000bc000000,0x00000000c0000000)]
  0x00000000592e5000 JavaThread "Thread-3" daemon [_thread_blocked, id=5684, stack(0x00000000b8000000,0x00000000bc000000)]
  0x00000000591dc800 JavaThread "AWT-EventQueue-0" [_thread_in_native, id=5480, stack(0x00000000b4000000,0x00000000b8000000)]
  0x0000000059033800 JavaThread "AWT-Shutdown" [_thread_blocked, id=4416, stack(0x00000000a4000000,0x00000000a8000000)]
  0x0000000058a41000 JavaThread "FelixPackageAdmin" daemon [_thread_blocked, id=5668, stack(0x00000000b0000000,0x00000000b4000000)]
  0x0000000058fb4000 JavaThread "FelixStartLevel" daemon [_thread_blocked, id=5664, stack(0x00000000ac000000,0x00000000b0000000)]
  0x0000000058f73000 JavaThread "FelixDispatchQueue" daemon [_thread_blocked, id=1956, stack(0x00000000a8000000,0x00000000ac000000)]
  0x0000000058dd2000 JavaThread "com.google.common.base.internal.Finalizer" daemon [_thread_blocked, id=3416, stack(0x0000000084000000,0x0000000088000000)]
  0x0000000058d96800 JavaThread "AWT-Windows" daemon [_thread_in_native, id=5292, stack(0x000000007aeb0000,0x000000007eeb0000)]
  0x0000000058d93000 JavaThread "Java2D Disposer" daemon [_thread_blocked, id=4068, stack(0x00000000722a0000,0x00000000762a0000)]
  0x000000001e969000 JavaThread "Timer-0" [_thread_blocked, id=5048, stack(0x000000005d470000,0x0000000061470000)]
  0x00000000589f4000 JavaThread "EventMgr Dispatcher" daemon [_thread_in_native, id=2124, stack(0x0000000059470000,0x000000005d470000)]
  0x000000001eb2d000 JavaThread "Service Thread" daemon [_thread_blocked, id=2516, stack(0x00000000504a0000,0x00000000544a0000)]
  0x000000001eb2c000 JavaThread "C2 CompilerThread1" daemon [_thread_blocked, id=5464, stack(0x000000004c4a0000,0x00000000504a0000)]
  0x000000001eb25800 JavaThread "C2 CompilerThread0" daemon [_thread_blocked, id=2652, stack(0x00000000484a0000,0x000000004c4a0000)]
  0x000000001eb20800 JavaThread "Attach Listener" daemon [_thread_blocked, id=4388, stack(0x00000000444a0000,0x00000000484a0000)]
  0x000000001eaa4000 JavaThread "Finalizer" daemon [_thread_blocked, id=4736, stack(0x00000000404a0000,0x00000000444a0000)]
  0x000000001ea9e000 JavaThread "Reference Handler" daemon [_thread_blocked, id=2480, stack(0x000000003c4a0000,0x00000000404a0000)]
  0x000000001e959000 JavaThread "main" [_thread_in_native, id=6096, stack(0x0000000000030000,0x0000000004030000)]

Other Threads:
  0x000000001ea9b000 VMThread [stack: 0x00000000384a0000,0x000000003c4a0000] [id=2456]
  0x000000001eb51800 WatcherThread [stack: 0x00000000544a0000,0x00000000584a0000] [id=4876]

VM state:not at safepoint (normal execution)

VM Mutex/Monitor currently owned by a thread: None

Heap
 PSYoungGen      total 46080K, used 7872K [0x00000000fa000000, 0x00000000fde20000, 0x0000000100000000)
  eden space 32256K, 14% used [0x00000000fa000000,0x00000000fa4a0420,0x00000000fbf80000)
  from space 13824K, 22% used [0x00000000fd0a0000,0x00000000fd3afbf8,0x00000000fde20000)
  to   space 15680K, 0% used [0x00000000fbf80000,0x00000000fbf80000,0x00000000fced0000)
 ParOldGen       total 75904K, used 53645K [0x00000000e8000000, 0x00000000eca20000, 0x00000000fa000000)
  object space 75904K, 70% used [0x00000000e8000000,0x00000000eb4636a8,0x00000000eca20000)
 PSPermGen       total 126784K, used 68015K [0x00000000e0000000, 0x00000000e7bd0000, 0x00000000e8000000)
  object space 126784K, 53% used [0x00000000e0000000,0x00000000e426be60,0x00000000e7bd0000)

Card table byte_map: [0x000000002e5c0000,0x000000002e6d0000] byte_map_base: 0x000000002dec0000

Polling page: 0x0000000008e50000

Code Cache  [0x000000002b5c0000, 0x000000002bcc0000, 0x000000002e5c0000)
 total_blobs=2899 nmethods=2202 adapters=645 free_code_cache=42259Kb largest_free_block=43056896

Compilation events (10 events):
Event: 1229.178 Thread 0x000000001eb2c000 2392             org.apache.xerces.util.XMLChar::isNameStart (22 bytes)
Event: 1229.179 Thread 0x000000001eb2c000 nmethod 2392 0x000000002bc9fd90 code [0x000000002bc9fec0, 0x000000002bc9ff38]
Event: 1229.518 Thread 0x000000001eb25800 2393             java.util.concurrent.locks.AbstractQueuedSynchronizer::compareAndSetTail (13 bytes)
Event: 1229.518 Thread 0x000000001eb25800 nmethod 2393 0x000000002bac4650 code [0x000000002bac4780, 0x000000002bac47f8]
Event: 1229.974 Thread 0x000000001eb2c000 2394             java.util.concurrent.locks.AbstractQueuedSynchronizer::enq (58 bytes)
Event: 1229.976 Thread 0x000000001eb2c000 nmethod 2394 0x000000002bac4210 code [0x000000002bac4360, 0x000000002bac4528]
Event: 1231.818 Thread 0x000000001eb25800 2395             java.net.URI::quote (208 bytes)
Event: 1231.838 Thread 0x000000001eb25800 nmethod 2395 0x000000002bca7c10 code [0x000000002bca7e20, 0x000000002bca8f90]
Event: 1231.874 Thread 0x000000001eb2c000 2396             javax.swing.text.AbstractDocument$AbstractElement::getDocument (5 bytes)
Event: 1231.874 Thread 0x000000001eb2c000 nmethod 2396 0x000000002bca7a10 code [0x000000002bca7b40, 0x000000002bca7b98]

GC Heap History (10 events):
Event: 1104.832 GC heap before
{Heap before GC invocations=66 (full 2):
 PSYoungGen      total 39936K, used 39931K [0x00000000fa000000, 0x00000000fe9c0000, 0x0000000100000000)
  eden space 38016K, 100% used [0x00000000fa000000,0x00000000fc520000,0x00000000fc520000)
  from space 1920K, 99% used [0x00000000fc670000,0x00000000fc84ef20,0x00000000fc850000)
  to   space 18752K, 0% used [0x00000000fd770000,0x00000000fd770000,0x00000000fe9c0000)
 ParOldGen       total 75904K, used 53645K [0x00000000e8000000, 0x00000000eca20000, 0x00000000fa000000)
  object space 75904K, 70% used [0x00000000e8000000,0x00000000eb4636a8,0x00000000eca20000)
 PSPermGen       total 126784K, used 67901K [0x00000000e0000000, 0x00000000e7bd0000, 0x00000000e8000000)
  object space 126784K, 53% used [0x00000000e0000000,0x00000000e424f4a0,0x00000000e7bd0000)
Event: 1104.838 GC heap after
Heap after GC invocations=66 (full 2):
 PSYoungGen      total 53184K, used 2408K [0x00000000fa000000, 0x00000000fe780000, 0x0000000100000000)
  eden space 36736K, 0% used [0x00000000fa000000,0x00000000fa000000,0x00000000fc3e0000)
  from space 16448K, 14% used [0x00000000fd770000,0x00000000fd9ca058,0x00000000fe780000)
  to   space 18240K, 0% used [0x00000000fc3e0000,0x00000000fc3e0000,0x00000000fd5b0000)
 ParOldGen       total 75904K, used 53645K [0x00000000e8000000, 0x00000000eca20000, 0x00000000fa000000)
  object space 75904K, 70% used [0x00000000e8000000,0x00000000eb4636a8,0x00000000eca20000)
 PSPermGen       total 126784K, used 67901K [0x00000000e0000000, 0x00000000e7bd0000, 0x00000000e8000000)
  object space 126784K, 53% used [0x00000000e0000000,0x00000000e424f4a0,0x00000000e7bd0000)
}
Event: 1123.478 GC heap before
{Heap before GC invocations=67 (full 2):
 PSYoungGen      total 53184K, used 39144K [0x00000000fa000000, 0x00000000fe780000, 0x0000000100000000)
  eden space 36736K, 100% used [0x00000000fa000000,0x00000000fc3e0000,0x00000000fc3e0000)
  from space 16448K, 14% used [0x00000000fd770000,0x00000000fd9ca058,0x00000000fe780000)
  to   space 18240K, 0% used [0x00000000fc3e0000,0x00000000fc3e0000,0x00000000fd5b0000)
 ParOldGen       total 75904K, used 53645K [0x00000000e8000000, 0x00000000eca20000, 0x00000000fa000000)
  object space 75904K, 70% used [0x00000000e8000000,0x00000000eb4636a8,0x00000000eca20000)
 PSPermGen       total 126784K, used 67929K [0x00000000e0000000, 0x00000000e7bd0000, 0x00000000e8000000)
  object space 126784K, 53% used [0x00000000e0000000,0x00000000e42567b8,0x00000000e7bd0000)
Event: 1123.484 GC heap after
Heap after GC invocations=67 (full 2):
 PSYoungGen      total 37504K, used 1960K [0x00000000fa000000, 0x00000000fe550000, 0x0000000100000000)
  eden space 35520K, 0% used [0x00000000fa000000,0x00000000fa000000,0x00000000fc2b0000)
  from space 1984K, 98% used [0x00000000fc3e0000,0x00000000fc5ca300,0x00000000fc5d0000)
  to   space 17728K, 0% used [0x00000000fd400000,0x00000000fd400000,0x00000000fe550000)
 ParOldGen       total 75904K, used 53645K [0x00000000e8000000, 0x00000000eca20000, 0x00000000fa000000)
  object space 75904K, 70% used [0x00000000e8000000,0x00000000eb4636a8,0x00000000eca20000)
 PSPermGen       total 126784K, used 67929K [0x00000000e0000000, 0x00000000e7bd0000, 0x00000000e8000000)
  object space 126784K, 53% used [0x00000000e0000000,0x00000000e42567b8,0x00000000e7bd0000)
}
Event: 1167.520 GC heap before
{Heap before GC invocations=68 (full 2):
 PSYoungGen      total 37504K, used 37480K [0x00000000fa000000, 0x00000000fe550000, 0x0000000100000000)
  eden space 35520K, 100% used [0x00000000fa000000,0x00000000fc2b0000,0x00000000fc2b0000)
  from space 1984K, 98% used [0x00000000fc3e0000,0x00000000fc5ca300,0x00000000fc5d0000)
  to   space 17728K, 0% used [0x00000000fd400000,0x00000000fd400000,0x00000000fe550000)
 ParOldGen       total 75904K, used 53645K [0x00000000e8000000, 0x00000000eca20000, 0x00000000fa000000)
  object space 75904K, 70% used [0x00000000e8000000,0x00000000eb4636a8,0x00000000eca20000)
 PSPermGen       total 126784K, used 67954K [0x00000000e0000000, 0x00000000e7bd0000, 0x00000000e8000000)
  object space 126784K, 53% used [0x00000000e0000000,0x00000000e425c868,0x00000000e7bd0000)
Event: 1167.527 GC heap after
Heap after GC invocations=68 (full 2):
 PSYoungGen      total 49920K, used 1866K [0x00000000fa000000, 0x00000000fe330000, 0x0000000100000000)
  eden space 34368K, 0% used [0x00000000fa000000,0x00000000fa000000,0x00000000fc190000)
  from space 15552K, 12% used [0x00000000fd400000,0x00000000fd5d28f8,0x00000000fe330000)
  to   space 17216K, 0% used [0x00000000fc190000,0x00000000fc190000,0x00000000fd260000)
 ParOldGen       total 75904K, used 53645K [0x00000000e8000000, 0x00000000eca20000, 0x00000000fa000000)
  object space 75904K, 70% used [0x00000000e8000000,0x00000000eb4636a8,0x00000000eca20000)
 PSPermGen       total 126784K, used 67954K [0x00000000e0000000, 0x00000000e7bd0000, 0x00000000e8000000)
  object space 126784K, 53% used [0x00000000e0000000,0x00000000e425c868,0x00000000e7bd0000)
}
Event: 1202.982 GC heap before
{Heap before GC invocations=69 (full 2):
 PSYoungGen      total 49920K, used 36234K [0x00000000fa000000, 0x00000000fe330000, 0x0000000100000000)
  eden space 34368K, 100% used [0x00000000fa000000,0x00000000fc190000,0x00000000fc190000)
  from space 15552K, 12% used [0x00000000fd400000,0x00000000fd5d28f8,0x00000000fe330000)
  to   space 17216K, 0% used [0x00000000fc190000,0x00000000fc190000,0x00000000fd260000)
 ParOldGen       total 75904K, used 53645K [0x00000000e8000000, 0x00000000eca20000, 0x00000000fa000000)
  object space 75904K, 70% used [0x00000000e8000000,0x00000000eb4636a8,0x00000000eca20000)
 PSPermGen       total 126784K, used 67975K [0x00000000e0000000, 0x00000000e7bd0000, 0x00000000e8000000)
  object space 126784K, 53% used [0x00000000e0000000,0x00000000e4261d08,0x00000000e7bd0000)
Event: 1202.988 GC heap after
Heap after GC invocations=69 (full 2):
 PSYoungGen      total 35712K, used 2370K [0x00000000fa000000, 0x00000000fe0c0000, 0x0000000100000000)
  eden space 33280K, 0% used [0x00000000fa000000,0x00000000fa000000,0x00000000fc080000)
  from space 2432K, 97% used [0x00000000fc190000,0x00000000fc3e0818,0x00000000fc3f0000)
  to   space 16512K, 0% used [0x00000000fd0a0000,0x00000000fd0a0000,0x00000000fe0c0000)
 ParOldGen       total 75904K, used 53645K [0x00000000e8000000, 0x00000000eca20000, 0x00000000fa000000)
  object space 75904K, 70% used [0x00000000e8000000,0x00000000eb4636a8,0x00000000eca20000)
 PSPermGen       total 126784K, used 67975K [0x00000000e0000000, 0x00000000e7bd0000, 0x00000000e8000000)
  object space 126784K, 53% used [0x00000000e0000000,0x00000000e4261d08,0x00000000e7bd0000)
}
Event: 1231.894 GC heap before
{Heap before GC invocations=70 (full 2):
 PSYoungGen      total 35712K, used 35650K [0x00000000fa000000, 0x00000000fe0c0000, 0x0000000100000000)
  eden space 33280K, 100% used [0x00000000fa000000,0x00000000fc080000,0x00000000fc080000)
  from space 2432K, 97% used [0x00000000fc190000,0x00000000fc3e0818,0x00000000fc3f0000)
  to   space 16512K, 0% used [0x00000000fd0a0000,0x00000000fd0a0000,0x00000000fe0c0000)
 ParOldGen       total 75904K, used 53645K [0x00000000e8000000, 0x00000000eca20000, 0x00000000fa000000)
  object space 75904K, 70% used [0x00000000e8000000,0x00000000eb4636a8,0x00000000eca20000)
 PSPermGen       total 126784K, used 68008K [0x00000000e0000000, 0x00000000e7bd0000, 0x00000000e8000000)
  object space 126784K, 53% used [0x00000000e0000000,0x00000000e426a148,0x00000000e7bd0000)
Event: 1231.902 GC heap after
Heap after GC invocations=70 (full 2):
 PSYoungGen      total 46080K, used 3134K [0x00000000fa000000, 0x00000000fde20000, 0x0000000100000000)
  eden space 32256K, 0% used [0x00000000fa000000,0x00000000fa000000,0x00000000fbf80000)
  from space 13824K, 22% used [0x00000000fd0a0000,0x00000000fd3afbf8,0x00000000fde20000)
  to   space 15680K, 0% used [0x00000000fbf80000,0x00000000fbf80000,0x00000000fced0000)
 ParOldGen       total 75904K, used 53645K [0x00000000e8000000, 0x00000000eca20000, 0x00000000fa000000)
  object space 75904K, 70% used [0x00000000e8000000,0x00000000eb4636a8,0x00000000eca20000)
 PSPermGen       total 126784K, used 68008K [0x00000000e0000000, 0x00000000e7bd0000, 0x00000000e8000000)
  object space 126784K, 53% used [0x00000000e0000000,0x00000000e426a148,0x00000000e7bd0000)
}

Deoptimization events (10 events):
Event: 1202.475 Thread 0x00000000591dc800 Uncommon trap -34 fr.pc 0x000000002bb3a2c0
Event: 1217.479 Thread 0x00000000591dc800 Uncommon trap -12 fr.pc 0x000000002bb6c380
Event: 1217.522 Thread 0x00000000591dc800 Uncommon trap -34 fr.pc 0x000000002b9406ec
Event: 1217.529 Thread 0x00000000591dc800 Uncommon trap -34 fr.pc 0x000000002b9406ec
Event: 1231.845 Thread 0x000000000e4bc800 Uncommon trap -34 fr.pc 0x000000002b99dc08
Event: 1231.845 Thread 0x000000000e4bc800 Uncommon trap -34 fr.pc 0x000000002bae7a04
Event: 1231.863 Thread 0x00000000591dc800 Uncommon trap -58 fr.pc 0x000000002bae6314
Event: 1231.903 Thread 0x0000000080da0000 Uncommon trap -83 fr.pc 0x000000002bb30234
Event: 1232.040 Thread 0x000000000e4bc800 Uncommon trap -34 fr.pc 0x000000002badaa80
Event: 1232.041 Thread 0x000000000e4bc800 Uncommon trap -58 fr.pc 0x000000002b89e454

Internal exceptions (10 events):
Event: 1105.437 Thread 0x000000001e959000 Threw 0x00000000fa23db38 at C:\jdk7u1_64p\jdk7u11\hotspot\src\share\vm\prims\jvm.cpp:1166
Event: 1121.357 Thread 0x00000000591dc800 Implicit null exception at 0x000000002b8c8c1b to 0x000000002b8c9cad
Event: 1133.310 Thread 0x00000000591dc800 Threw 0x00000000fb28ed20 at C:\jdk7u1_64p\jdk7u11\hotspot\src\share\vm\prims\jvm.cpp:1166
Event: 1133.316 Thread 0x00000000591dc800 Threw 0x00000000fb2e00c8 at C:\jdk7u1_64p\jdk7u11\hotspot\src\share\vm\prims\jvm.cpp:1166
Event: 1133.317 Thread 0x00000000591dc800 Threw 0x00000000fb2f98b8 at C:\jdk7u1_64p\jdk7u11\hotspot\src\share\vm\prims\jvm.cpp:1166
Event: 1217.479 Thread 0x00000000591dc800 Implicit null exception at 0x000000002bb69734 to 0x000000002bb6c371
Event: 1231.853 Thread 0x000000000e4bc800 Threw 0x00000000fbe03de0 at C:\jdk7u1_64p\jdk7u11\hotspot\src\share\vm\runtime\reflection.cpp:1039
Event: 1231.876 Thread 0x000000000e4bc800 Threw 0x00000000fbf20aa0 at C:\jdk7u1_64p\jdk7u11\hotspot\src\share\vm\runtime\reflection.cpp:1039
Event: 1232.038 Thread 0x000000000e4bc800 Threw 0x00000000fa4320e0 at C:\jdk7u1_64p\jdk7u11\hotspot\src\share\vm\prims\jvm.cpp:1166
Event: 1232.041 Thread 0x000000000e4bc800 Implicit null exception at 0x000000002bab757a to 0x0000000000000000

Events (10 events):
Event: 1231.903 Thread 0x0000000080da0000 DEOPT PACKING pc=0x000000002bb30234 sp=0x00000000c8fcf2d0
Event: 1231.903 Thread 0x0000000080da0000 DEOPT UNPACKING pc=0x000000002b5f9164 sp=0x00000000c8fcf218 mode 2
Event: 1231.903 Executing VM operation: RevokeBias
Event: 1231.904 Executing VM operation: RevokeBias done
Event: 1232.038 loading class 0x0000000081c2ca60
Event: 1232.038 loading class 0x0000000081c2ca60 done
Event: 1232.040 Thread 0x000000000e4bc800 DEOPT PACKING pc=0x000000002badaa80 sp=0x000000010bfec4d0
Event: 1232.040 Thread 0x000000000e4bc800 DEOPT UNPACKING pc=0x000000002b5f9164 sp=0x000000010bfec478 mode 2
Event: 1232.041 Thread 0x000000000e4bc800 DEOPT PACKING pc=0x000000002b89e454 sp=0x000000010bfec4f0
Event: 1232.041 Thread 0x000000000e4bc800 DEOPT UNPACKING pc=0x000000002b5f9164 sp=0x000000010bfec460 mode 2


Dynamic libraries:
0x0000000140000000 - 0x0000000140029000 	C:\Program Files\MATLAB\R2013b\bin\win64\MATLAB.exe
0x0000000076cd0000 - 0x0000000076e7a000 	C:\Windows\SYSTEM32\ntdll.dll
0x0000000076ab0000 - 0x0000000076bcf000 	C:\Windows\system32\kernel32.dll
0x000007fefcae0000 - 0x000007fefcb4a000 	C:\Windows\system32\KERNELBASE.dll
0x000000006f060000 - 0x000000006f3dc000 	C:\Program Files\MATLAB\R2013b\bin\win64\libmwservices.dll
0x000000006fe80000 - 0x000000006ff56000 	C:\Program Files\MATLAB\R2013b\bin\win64\libmwi18n.dll
0x000000006fe70000 - 0x000000006fe7d000 	C:\Program Files\MATLAB\R2013b\bin\win64\libmwresource_core.dll
0x000000006e1d0000 - 0x000000006e268000 	C:\Program Files\MATLAB\R2013b\bin\win64\MSVCP100.dll
0x000000006e0f0000 - 0x000000006e1c2000 	C:\Program Files\MATLAB\R2013b\bin\win64\MSVCR100.dll
0x0000000072290000 - 0x000000007229e000 	C:\Program Files\MATLAB\R2013b\bin\win64\boost_date_time-vc100-mt-1_49.dll
0x0000000065820000 - 0x000000006584c000 	C:\Program Files\MATLAB\R2013b\bin\win64\boost_filesystem-vc100-mt-1_49.dll
0x0000000065810000 - 0x0000000065819000 	C:\Program Files\MATLAB\R2013b\bin\win64\boost_system-vc100-mt-1_49.dll
0x000007fefdbb0000 - 0x000007fefdc8b000 	C:\Windows\system32\ADVAPI32.dll
0x000007fefcdd0000 - 0x000007fefce6f000 	C:\Windows\system32\msvcrt.dll
0x000007fefcfd0000 - 0x000007fefcfef000 	C:\Windows\SYSTEM32\sechost.dll
0x000007fefcea0000 - 0x000007fefcfcd000 	C:\Windows\system32\RPCRT4.dll
0x00000000657e0000 - 0x0000000065805000 	C:\Program Files\MATLAB\R2013b\bin\win64\LIBEXPAT.dll
0x0000000065650000 - 0x00000000657da000 	C:\Program Files\MATLAB\R2013b\bin\win64\icuin49.dll
0x0000000065510000 - 0x000000006564e000 	C:\Program Files\MATLAB\R2013b\bin\win64\icuuc49.dll
0x0000000063930000 - 0x0000000064a52000 	C:\Program Files\MATLAB\R2013b\bin\win64\icudt49.dll
0x0000000065500000 - 0x0000000065510000 	C:\Program Files\MATLAB\R2013b\bin\win64\icuio49.dll
0x0000000004210000 - 0x00000000042cb000 	C:\Program Files\MATLAB\R2013b\bin\win64\libut.dll
0x000000006f960000 - 0x000000006fb07000 	C:\Program Files\MATLAB\R2013b\bin\win64\libmwfl.dll
0x00000000042d0000 - 0x00000000046df000 	C:\Program Files\MATLAB\R2013b\bin\win64\libmwMATLAB_res.dll
0x0000000065420000 - 0x00000000654ff000 	C:\Program Files\MATLAB\R2013b\bin\win64\boost_regex-vc100-mt-1_49.dll
0x0000000076bd0000 - 0x0000000076cca000 	C:\Windows\system32\USER32.dll
0x000007fefd2c0000 - 0x000007fefd327000 	C:\Windows\system32\GDI32.dll
0x000007fefdba0000 - 0x000007fefdbae000 	C:\Windows\system32\LPK.dll
0x000007fefef10000 - 0x000007fefefda000 	C:\Windows\system32\USP10.dll
0x0000000065400000 - 0x0000000065411000 	C:\Program Files\MATLAB\R2013b\bin\win64\boost_signals-vc100-mt-1_49.dll
0x00000000653e0000 - 0x00000000653f1000 	C:\Program Files\MATLAB\R2013b\bin\win64\boost_thread-vc100-mt-1_49.dll
0x0000000065350000 - 0x00000000653dc000 	C:\Program Files\MATLAB\R2013b\bin\win64\boost_log-vc100-mt-1_49.dll
0x0000000076ea0000 - 0x0000000076ea7000 	C:\Windows\system32\PSAPI.DLL
0x000007fefd870000 - 0x000007fefd8bd000 	C:\Windows\system32\WS2_32.dll
0x000007fefea20000 - 0x000007fefea28000 	C:\Windows\system32\NSI.dll
0x000007fef1990000 - 0x000007fef19c3000 	C:\Program Files\MATLAB\R2013b\bin\win64\tbb.dll
0x000007fefd8c0000 - 0x000007fefd8d9000 	C:\Windows\system32\imagehlp.dll
0x000007fefa6b0000 - 0x000007fefa6dc000 	C:\Windows\system32\POWRPROF.dll
0x000007fefd9c0000 - 0x000007fefdb97000 	C:\Windows\system32\SETUPAPI.dll
0x000007fefca70000 - 0x000007fefcaa6000 	C:\Windows\system32\CFGMGR32.dll
0x000007fefd8e0000 - 0x000007fefd9b8000 	C:\Windows\system32\OLEAUT32.dll
0x000007fefd390000 - 0x000007fefd593000 	C:\Windows\system32\ole32.dll
0x000007fefcc40000 - 0x000007fefcc5a000 	C:\Windows\system32\DEVOBJ.dll
0x00000000046e0000 - 0x00000000047db000 	C:\Program Files\MATLAB\R2013b\bin\win64\libmx.dll
0x000007fef12e0000 - 0x000007fef1308000 	C:\Program Files\MATLAB\R2013b\bin\win64\tbbmalloc.dll
0x0000000065330000 - 0x0000000065347000 	C:\Program Files\MATLAB\R2013b\bin\win64\zlib1.dll
0x000000006ef00000 - 0x000000006ef4e000 	C:\Program Files\MATLAB\R2013b\bin\win64\libmwregexp.dll
0x000000006eeb0000 - 0x000000006eef7000 	C:\Program Files\MATLAB\R2013b\bin\win64\mpath.dll
0x00000000047e0000 - 0x0000000004e08000 	C:\Program Files\MATLAB\R2013b\bin\win64\mlutil.dll
0x000000006e870000 - 0x000000006e8e7000 	C:\Program Files\MATLAB\R2013b\bin\win64\xmlcore.dll
0x00000000650e0000 - 0x0000000065321000 	C:\Program Files\MATLAB\R2013b\bin\win64\xerces-c_2_7.dll
0x000000006e5f0000 - 0x000000006e613000 	C:\Program Files\MATLAB\R2013b\bin\win64\libmwMATLAB_settings_res.dll
0x00000000650d0000 - 0x00000000650e0000 	C:\Program Files\MATLAB\R2013b\bin\win64\boost_iostreams-vc100-mt-1_49.dll
0x0000000065080000 - 0x00000000650c6000 	C:\Program Files\MATLAB\R2013b\bin\win64\boost_serialization-vc100-mt-1_49.dll
0x000007fefdc90000 - 0x000007fefea1c000 	C:\Windows\system32\SHELL32.dll
0x000007fefed00000 - 0x000007fefed71000 	C:\Windows\system32\SHLWAPI.dll
0x000000006e580000 - 0x000000006e586000 	C:\Program Files\MATLAB\R2013b\bin\win64\libmwnativedisplay.dll
0x00000000685f0000 - 0x000000006863d000 	C:\Program Files\MATLAB\R2013b\bin\win64\opccore.dll
0x00000000684f0000 - 0x00000000685c6000 	C:\Program Files\MATLAB\R2013b\bin\win64\opcmodel.dll
0x00000000684c0000 - 0x00000000684ed000 	C:\Program Files\MATLAB\R2013b\bin\win64\opczippackage.dll
0x0000000065070000 - 0x000000006507e000 	C:\Program Files\MATLAB\R2013b\bin\win64\libminizip.dll
0x0000000068340000 - 0x00000000683a6000 	C:\Program Files\MATLAB\R2013b\bin\win64\opcmwservices.dll
0x000007fef9230000 - 0x000007fef92d0000 	C:\Windows\WinSxS\amd64_microsoft.windows.common-controls_6595b64144ccf1df_5.82.7601.18837_none_a4d981ff711297b6\COMCTL32.dll
0x000007fefec60000 - 0x000007fefecf7000 	C:\Windows\system32\COMDLG32.dll
0x000007fefa4e0000 - 0x000007fefa4f6000 	C:\Windows\system32\NETAPI32.dll
0x000007fefa4d0000 - 0x000007fefa4dc000 	C:\Windows\system32\netutils.dll
0x000007fefc460000 - 0x000007fefc483000 	C:\Windows\system32\srvcli.dll
0x000007fefa4b0000 - 0x000007fefa4c5000 	C:\Windows\system32\wkscli.dll
0x000000006e4d0000 - 0x000000006e57d000 	C:\Program Files\MATLAB\R2013b\bin\win64\mcr.dll
0x0000000004e10000 - 0x00000000051d0000 	C:\Program Files\MATLAB\R2013b\bin\win64\iqm.dll
0x0000000180000000 - 0x00000001800c2000 	C:\Program Files\MATLAB\R2013b\bin\win64\m_dispatcher.dll
0x00000000051d0000 - 0x00000000059cb000 	C:\Program Files\MATLAB\R2013b\bin\win64\m_interpreter.dll
0x000000006d760000 - 0x000000006d784000 	C:\Program Files\MATLAB\R2013b\bin\win64\libmex.dll
0x000000006d6e0000 - 0x000000006d75b000 	C:\Program Files\MATLAB\R2013b\bin\win64\profiler.dll
0x000000006d450000 - 0x000000006d5c8000 	C:\Program Files\MATLAB\R2013b\bin\win64\libmwmathutil.dll
0x000000006d420000 - 0x000000006d447000 	C:\Program Files\MATLAB\R2013b\bin\win64\libmwmathrng.dll
0x000000006d410000 - 0x000000006d420000 	C:\Program Files\MATLAB\R2013b\bin\win64\libmwmfl_rng.dll
0x00000000059d0000 - 0x0000000005ae8000 	C:\Program Files\MATLAB\R2013b\bin\win64\libmwmathcore.dll
0x000000006d2b0000 - 0x000000006d313000 	C:\Program Files\MATLAB\R2013b\bin\win64\libmwspmatrix.dll
0x0000000005af0000 - 0x0000000005d52000 	C:\Program Files\MATLAB\R2013b\bin\win64\mcos.dll
0x000000006cfc0000 - 0x000000006d01c000 	C:\Program Files\MATLAB\R2013b\bin\win64\libmwcholmod.dll
0x000000006cfb0000 - 0x000000006cfbc000 	C:\Program Files\MATLAB\R2013b\bin\win64\libmwamd.dll
0x000000006cfa0000 - 0x000000006cfab000 	C:\Program Files\MATLAB\R2013b\bin\win64\libmwcolamd.dll
0x000000006cf80000 - 0x000000006cf93000 	C:\Program Files\MATLAB\R2013b\bin\win64\libmwblas.dll
0x000000006cf60000 - 0x000000006cf75000 	C:\Program Files\MATLAB\R2013b\bin\win64\libmwbinder.dll
0x000000006cf50000 - 0x000000006cf5b000 	C:\Program Files\MATLAB\R2013b\bin\win64\libmwompwrapper.dll
0x000000006ced0000 - 0x000000006cf4f000 	C:\Program Files\MATLAB\R2013b\bin\win64\libmwlapack.dll
0x000000006ceb0000 - 0x000000006ced0000 	C:\Program Files\MATLAB\R2013b\bin\win64\m_pcodeio.dll
0x000000006ce50000 - 0x000000006ceac000 	C:\Program Files\MATLAB\R2013b\bin\win64\m_ir.dll
0x0000000005d60000 - 0x0000000006415000 	C:\Program Files\MATLAB\R2013b\bin\win64\m_parser.dll
0x000000006c780000 - 0x000000006c797000 	C:\Program Files\MATLAB\R2013b\bin\win64\ir_xfmr.dll
0x000000006c770000 - 0x000000006c780000 	C:\Program Files\MATLAB\R2013b\bin\win64\mtok.dll
0x000000006c740000 - 0x000000006c768000 	C:\Program Files\MATLAB\R2013b\bin\win64\m_pcodegen.dll
0x000007fef56d0000 - 0x000007fef57f5000 	C:\Windows\system32\dbghelp.dll
0x000000006c710000 - 0x000000006c73f000 	C:\Program Files\MATLAB\R2013b\bin\win64\libmwbridge.dll
0x000000006c650000 - 0x000000006c706000 	C:\Program Files\MATLAB\R2013b\bin\win64\udd.dll
0x0000000006420000 - 0x0000000006571000 	C:\Program Files\MATLAB\R2013b\bin\win64\libmwgui.dll
0x000000006c4d0000 - 0x000000006c4f8000 	C:\Program Files\MATLAB\R2013b\bin\win64\graphics_util.dll
0x0000000064fb0000 - 0x0000000065068000 	C:\Program Files\MATLAB\R2013b\bin\win64\libtex_base.dll
0x000000006bac0000 - 0x000000006c426000 	C:\Program Files\MATLAB\R2013b\bin\win64\hg.dll
0x000000006ba60000 - 0x000000006babd000 	C:\Program Files\MATLAB\R2013b\bin\win64\libmat.dll
0x000000006b850000 - 0x000000006ba58000 	C:\Program Files\MATLAB\R2013b\bin\win64\hdf5dll.dll
0x000000006b780000 - 0x000000006b848000 	C:\Program Files\MATLAB\R2013b\bin\win64\jmi.dll
0x000000006b770000 - 0x000000006b77e000 	C:\Program Files\MATLAB\R2013b\bin\win64\nativejava_services.dll
0x0000000006590000 - 0x00000000065d2000 	C:\Program Files\MATLAB\R2013b\bin\win64\libmwhardcopy.dll
0x000000006b6d0000 - 0x000000006b72e000 	C:\Program Files\MATLAB\R2013b\bin\win64\libuij.dll
0x000000006b490000 - 0x000000006b695000 	C:\Program Files\MATLAB\R2013b\bin\win64\hgdatatypes.dll
0x00000000065e0000 - 0x00000000066f2000 	C:\Program Files\MATLAB\R2013b\bin\win64\hgutils.dll
0x000000006b2f0000 - 0x000000006b39e000 	C:\Program Files\MATLAB\R2013b\bin\win64\udd_mi.dll
0x000000006b2b0000 - 0x000000006b2e6000 	C:\Program Files\MATLAB\R2013b\bin\win64\libmwgbtutils.dll
0x000000006b290000 - 0x000000006b2a3000 	C:\Program Files\MATLAB\R2013b\bin\win64\libmwgbt.dll
0x000000006afc0000 - 0x000000006b28f000 	C:\Program Files\MATLAB\R2013b\bin\win64\uiw.dll
0x000000006afb0000 - 0x000000006afb9000 	C:\Program Files\MATLAB\R2013b\bin\win64\uinone.dll
0x000000006af80000 - 0x000000006afac000 	C:\Program Files\MATLAB\R2013b\bin\win64\libmwnativedialogs.dll
0x000000006af70000 - 0x000000006af7c000 	C:\Program Files\MATLAB\R2013b\bin\win64\libmwplatform_res.dll
0x000007fef1440000 - 0x000007fef1458000 	C:\Windows\system32\MPR.dll
0x00000000633d0000 - 0x000000006392d000 	C:\Program Files\MATLAB\R2013b\bin\win64\mfc100.dll
0x000007fef92d0000 - 0x000007fef92d7000 	C:\Windows\system32\MSIMG32.dll
0x000007fef91b0000 - 0x000007fef9221000 	C:\Windows\system32\WINSPOOL.DRV
0x000000006af50000 - 0x000000006af6d000 	C:\Program Files\MATLAB\R2013b\bin\win64\mwoles05.DLL
0x000000006aee0000 - 0x000000006af4c000 	C:\Program Files\MATLAB\R2013b\bin\win64\comcli.dll
0x0000000064f80000 - 0x0000000064fab000 	C:\Program Files\MATLAB\R2013b\bin\win64\ATL100.DLL
0x000000006aed0000 - 0x000000006aedc000 	C:\Program Files\MATLAB\R2013b\bin\win64\mlautoregister.dll
0x0000000006710000 - 0x000000000687f000 	C:\Program Files\MATLAB\R2013b\bin\win64\mvm.dll
0x000007fefce70000 - 0x000007fefce9e000 	C:\Windows\system32\IMM32.DLL
0x000007fefeb50000 - 0x000007fefec59000 	C:\Windows\system32\MSCTF.dll
0x000007fefadf0000 - 0x000007fefae46000 	C:\Windows\system32\UxTheme.dll
0x000007fefa9d0000 - 0x000007fefa9e8000 	C:\Windows\system32\dwmapi.dll

VM Arguments:
jvm_args: -XX:PermSize=32m -Xms64m -XX:NewRatio=3 -XX:MaxPermSize=128m -Xmx384m -XX:MaxDirectMemorySize=2147400000 -Dsun.java2d.noddraw=true -Dsun.awt.nopixfmt=true -Xshare:off -Xrs -XX:-UseSplitVerifier -Djava.library.path=C:\Program Files\MATLAB\R2013b\bin\win64;C:\Program Files\MATLAB\R2013b\sys\jxbrowser\win64\lib vfprintf abort -Duser.language=en -Duser.country=US 
java_command: <unknown>
Launcher Type: generic

Environment Variables:
PATH=C:\Program Files (x86)\PC Connectivity Solution\;C:\ProgramData\Oracle\Java\javapath;C:\Windows\system32;C:\Windows;C:\Windows\System32\Wbem;C:\Windows\System32\WindowsPowerShell\v1.0\;C:\Program Files\MATLAB\R2013b\runtime\win64;C:\Program Files\MATLAB\R2013b\bin;C:\Users\Farid\Downloads\Programs\opencv;C:\Program Files (x86)\Windows Kits\8.1\Windows Performance Toolkit\;C:\Program Files\Microsoft SQL Server\110\Tools\Binn\;C:\Program Files (x86)\Microsoft SDKs\TypeScript\1.0\;C:\Program Files\Microsoft SQL Server\120\Tools\Binn\;C:\Users\Farid\Downloads\Programs\opencv\build\x64\vc12\bin;;C:\Program Files\Dell\DW WLAN Card;C:\Users\Farid\AppData\Local\GitHub\PortableGit_c2ba306e536fdf878271f7fe636a147ff37326ad\bin;C:\Users\Farid\AppData\Local\GitHub\PortableGit_c2ba306e536fdf878271f7fe636a147ff37326ad\cmd;C:\Python34;D:\QT\Tools\QtCreator\bin;C:\Program Files (x86)\CMake\bin;C:\MinGW\bin;C:\Program Files (x86)\Skype\Phone;C:\Windows\Microsoft.NET\Framework\v4.0.30319;C:\Program Files (x86)\Microsoft Visual Studio 12.0\VC;C:\Program Files (x86)\Microsoft Visual Studio 12.0\Common7\IDE;C:\Program Files (x86)\Skype\Phone\;D:\Modeltech\win64
USERNAME=Farid
OS=Windows_NT
PROCESSOR_IDENTIFIER=Intel64 Family 6 Model 23 Stepping 6, GenuineIntel



---------------  S Y S T E M  ---------------

OS: Windows 7 , 64 bit Build 7601 Service Pack 1

CPU:total 2 (2 cores per cpu, 1 threads per core) family 6 model 23 stepping 6, cmov, cx8, fxsr, mmx, sse, sse2, sse3, ssse3, sse4.1, tsc

Memory: 4k page, physical 4181908k(1882736k free), swap 8361956k(5783828k free)

vm_info: Java HotSpot(TM) 64-Bit Server VM (23.6-b04) for windows-amd64 JRE (1.7.0_11-b21), built on Jan 12 2013 02:38:42 by "java_re" with unknown MS VC++:1600

time: Tue Feb 14 19:31:32 2017
elapsed time: 1232 seconds

